  fileattente.cpp
c:\users\pichp\desktop\iut\dut2\tp algo\tp4\project1\project1\fileattente.h(20): warning C4091: 'typedef ' : ignoré à gauche de 'FileAttente' quand aucune variable n'est déclarée
c:\users\pichp\desktop\iut\dut2\tp algo\tp4\project1\project1\fileattente.h(24): error C2143: erreur de syntaxe : absence de ';' avant '*'
c:\users\pichp\desktop\iut\dut2\tp algo\tp4\project1\project1\fileattente.h(24): error C4430: spécificateur de type manquant - int est pris en compte par défaut. Remarque : C++ ne prend pas en charge int par défaut
c:\users\pichp\desktop\iut\dut2\tp algo\tp4\project1\project1\fileattente.h(24): error C2238: jetons inattendus avant ';'
c:\users\pichp\desktop\iut\dut2\tp algo\tp4\project1\project1\fileattente.cpp(188): error C2039: 'tete' : n'est pas membre de 'Pile'
  c:\users\pichp\desktop\iut\dut2\tp algo\tp4\project1\project1\fileattente.h(22): note: voir la déclaration de 'Pile'
c:\users\pichp\desktop\iut\dut2\tp algo\tp4\project1\project1\fileattente.cpp(195): error C2039: 'tete' : n'est pas membre de 'Pile'
  c:\users\pichp\desktop\iut\dut2\tp algo\tp4\project1\project1\fileattente.h(22): note: voir la déclaration de 'Pile'
c:\users\pichp\desktop\iut\dut2\tp algo\tp4\project1\project1\fileattente.cpp(204): error C2039: 'tete' : n'est pas membre de 'Pile'
  c:\users\pichp\desktop\iut\dut2\tp algo\tp4\project1\project1\fileattente.h(22): note: voir la déclaration de 'Pile'
c:\users\pichp\desktop\iut\dut2\tp algo\tp4\project1\project1\fileattente.cpp(205): error C2039: 'tete' : n'est pas membre de 'Pile'
  c:\users\pichp\desktop\iut\dut2\tp algo\tp4\project1\project1\fileattente.h(22): note: voir la déclaration de 'Pile'
c:\users\pichp\desktop\iut\dut2\tp algo\tp4\project1\project1\fileattente.cpp(206): error C2039: 'tete' : n'est pas membre de 'Pile'
  c:\users\pichp\desktop\iut\dut2\tp algo\tp4\project1\project1\fileattente.h(22): note: voir la déclaration de 'Pile'
c:\users\pichp\desktop\iut\dut2\tp algo\tp4\project1\project1\fileattente.cpp(214): error C2039: 'tete' : n'est pas membre de 'Pile'
  c:\users\pichp\desktop\iut\dut2\tp algo\tp4\project1\project1\fileattente.h(22): note: voir la déclaration de 'Pile'
c:\users\pichp\desktop\iut\dut2\tp algo\tp4\project1\project1\fileattente.cpp(215): error C2039: 'tete' : n'est pas membre de 'Pile'
  c:\users\pichp\desktop\iut\dut2\tp algo\tp4\project1\project1\fileattente.h(22): note: voir la déclaration de 'Pile'
c:\users\pichp\desktop\iut\dut2\tp algo\tp4\project1\project1\fileattente.cpp(217): error C2039: 'tete' : n'est pas membre de 'Pile'
  c:\users\pichp\desktop\iut\dut2\tp algo\tp4\project1\project1\fileattente.h(22): note: voir la déclaration de 'Pile'
c:\users\pichp\desktop\iut\dut2\tp algo\tp4\project1\project1\fileattente.cpp(225): error C2039: 'tete' : n'est pas membre de 'Pile'
  c:\users\pichp\desktop\iut\dut2\tp algo\tp4\project1\project1\fileattente.h(22): note: voir la déclaration de 'Pile'
c:\users\pichp\desktop\iut\dut2\tp algo\tp4\project1\project1\fileattente.cpp(280): error C2039: 'tete' : n'est pas membre de 'Pile'
  c:\users\pichp\desktop\iut\dut2\tp algo\tp4\project1\project1\fileattente.h(22): note: voir la déclaration de 'Pile'
